Base path: C:/Program Files/Unity/Hub/Editor/2018.1.3f1/Editor/Data
Cmd: initializeCompiler
Cmd: compileComputeKernel
  api=4 insize=2134 outsize=1517 ok=1
Cmd: compileComputeKernel
  api=4 insize=11176 outsize=10437 ok=1
Cmd: compileComputeKernel
  api=4 insize=5022 outsize=9129 ok=1
Cmd: compileComputeKernel
  api=4 insize=18731 outsize=8781 ok=1
Cmd: compileComputeKernel
  api=4 insize=18731 outsize=10377 ok=1
Cmd: compileComputeKernel
  error: 2 plat 4 at TexturePadding.compute(1): failed to open source file: 'CoreRP/ShaderLibrary/Common.hlsl'
  api=4 insize=1470 outsize=0 ok=0
Cmd: compileComputeKernel
  api=4 insize=5591 outsize=6445 ok=1
Cmd: compileComputeKernel
  api=4 insize=654 outsize=573 ok=1
Cmd: compileComputeKernel
  api=4 insize=2120 outsize=1037 ok=1
Cmd: compileComputeKernel
  error: 2 plat 4 at ShadowBlurMoments.compute(80): failed to open source file: 'CoreRP/ShaderLibrary/Common.hlsl'
  api=4 insize=16784 outsize=0 ok=0
Cmd: compileComputeKernel
  error: 2 plat 4 at ShadowBlurMoments.compute(80): failed to open source file: 'CoreRP/ShaderLibrary/Common.hlsl'
  api=4 insize=16784 outsize=0 ok=0
Cmd: compileComputeKernel
  error: 2 plat 4 at ShadowBlurMoments.compute(80): failed to open source file: 'CoreRP/ShaderLibrary/Common.hlsl'
  api=4 insize=16784 outsize=0 ok=0
Cmd: compileComputeKernel
  error: 2 plat 4 at ShadowBlurMoments.compute(80): failed to open source file: 'CoreRP/ShaderLibrary/Common.hlsl'
  api=4 insize=16784 outsize=0 ok=0
Cmd: compileComputeKernel
  error: 2 plat 4 at ShadowBlurMoments.compute(80): failed to open source file: 'CoreRP/ShaderLibrary/Common.hlsl'
  api=4 insize=16784 outsize=0 ok=0
Cmd: compileComputeKernel
  error: 2 plat 4 at ShadowBlurMoments.compute(80): failed to open source file: 'CoreRP/ShaderLibrary/Common.hlsl'
  api=4 insize=16784 outsize=0 ok=0
Cmd: compileComputeKernel
  error: 2 plat 4 at ShadowBlurMoments.compute(80): failed to open source file: 'CoreRP/ShaderLibrary/Common.hlsl'
  api=4 insize=16784 outsize=0 ok=0
Cmd: compileComputeKernel
  error: 2 plat 4 at ShadowBlurMoments.compute(80): failed to open source file: 'CoreRP/ShaderLibrary/Common.hlsl'
  api=4 insize=16784 outsize=0 ok=0
Cmd: compileComputeKernel
  error: 2 plat 4 at ShadowBlurMoments.compute(80): failed to open source file: 'CoreRP/ShaderLibrary/Common.hlsl'
  api=4 insize=16784 outsize=0 ok=0
Cmd: compileComputeKernel
  error: 2 plat 4 at ShadowBlurMoments.compute(80): failed to open source file: 'CoreRP/ShaderLibrary/Common.hlsl'
  api=4 insize=16784 outsize=0 ok=0
Cmd: compileComputeKernel
  error: 2 plat 4 at ShadowBlurMoments.compute(80): failed to open source file: 'CoreRP/ShaderLibrary/Common.hlsl'
  api=4 insize=16784 outsize=0 ok=0
Cmd: compileComputeKernel
  error: 2 plat 4 at ShadowBlurMoments.compute(80): failed to open source file: 'CoreRP/ShaderLibrary/Common.hlsl'
  api=4 insize=16784 outsize=0 ok=0
Cmd: compileComputeKernel
  error: 2 plat 4 at ShadowBlurMoments.compute(80): failed to open source file: 'CoreRP/ShaderLibrary/Common.hlsl'
  api=4 insize=16784 outsize=0 ok=0
Cmd: compileComputeKernel
  error: 2 plat 4 at ShadowBlurMoments.compute(80): failed to open source file: 'CoreRP/ShaderLibrary/Common.hlsl'
  api=4 insize=16784 outsize=0 ok=0
Cmd: compileComputeKernel
  error: 2 plat 4 at ShadowBlurMoments.compute(80): failed to open source file: 'CoreRP/ShaderLibrary/Common.hlsl'
  api=4 insize=16784 outsize=0 ok=0
Cmd: compileComputeKernel
  error: 2 plat 4 at ShadowBlurMoments.compute(80): failed to open source file: 'CoreRP/ShaderLibrary/Common.hlsl'
  api=4 insize=16784 outsize=0 ok=0
Cmd: compileComputeKernel
  error: 2 plat 4 at ShadowBlurMoments.compute(80): failed to open source file: 'CoreRP/ShaderLibrary/Common.hlsl'
  api=4 insize=16784 outsize=0 ok=0
Cmd: compileComputeKernel
  error: 2 plat 4 at ShadowBlurMoments.compute(80): failed to open source file: 'CoreRP/ShaderLibrary/Common.hlsl'
  api=4 insize=16784 outsize=0 ok=0
Cmd: compileComputeKernel
  error: 2 plat 4 at ShadowBlurMoments.compute(80): failed to open source file: 'CoreRP/ShaderLibrary/Common.hlsl'
  api=4 insize=16784 outsize=0 ok=0
Cmd: compileComputeKernel
  error: 2 plat 4 at ShadowBlurMoments.compute(80): failed to open source file: 'CoreRP/ShaderLibrary/Common.hlsl'
  api=4 insize=16784 outsize=0 ok=0
Cmd: compileComputeKernel
  error: 2 plat 4 at ShadowBlurMoments.compute(80): failed to open source file: 'CoreRP/ShaderLibrary/Common.hlsl'
  api=4 insize=16784 outsize=0 ok=0
Cmd: initializeCompiler
Cmd: compileComputeKernel
  api=4 insize=16784 outsize=5809 ok=1
Cmd: compileComputeKernel
  api=4 insize=16784 outsize=6893 ok=1
Cmd: compileComputeKernel
  api=4 insize=16784 outsize=6625 ok=1
Cmd: compileComputeKernel
  api=4 insize=16784 outsize=6501 ok=1
Cmd: compileComputeKernel
  api=4 insize=16784 outsize=8013 ok=1
Cmd: compileComputeKernel
  api=4 insize=16784 outsize=9673 ok=1
Cmd: compileComputeKernel
  api=4 insize=16784 outsize=9301 ok=1
Cmd: compileComputeKernel
  api=4 insize=16784 outsize=6565 ok=1
Cmd: compileComputeKernel
  api=4 insize=16784 outsize=7573 ok=1
Cmd: compileComputeKernel
  api=4 insize=16784 outsize=6685 ok=1
Cmd: compileComputeKernel
  api=4 insize=16784 outsize=7381 ok=1
Cmd: compileComputeKernel
  api=4 insize=16784 outsize=8773 ok=1
Cmd: compileComputeKernel
  api=4 insize=16784 outsize=8957 ok=1
Cmd: compileComputeKernel
  api=4 insize=16784 outsize=10925 ok=1
Cmd: compileComputeKernel
  api=4 insize=16784 outsize=9789 ok=1
Cmd: compileComputeKernel
  api=4 insize=16784 outsize=11449 ok=1
Cmd: initializeCompiler
Cmd: initializeCompiler
Cmd: initializeCompiler
Cmd: initializeCompiler
Cmd: initializeCompiler
Cmd: initializeCompiler
Cmd: initializeCompiler
Cmd: initializeCompiler
Cmd: initializeCompiler
Cmd: initializeCompiler
Cmd: initializeCompiler
